<?xml version="1.0" encoding="UTF-8"?>
<!-- Generated by org.testng.reporters.JUnitReportReporter -->
<testsuite hostname="RahulH" failures="0" tests="1" name="mainClassExecution.MainClass" time="7.990" errors="0" timestamp="2021-12-21T11:57:30 IST" skipped="0">
  <testcase classname="mainClassExecution.MainClass" name="validLogin" time="7.990"/>
  <system-out/>
</testsuite> <!-- mainClassExecution.MainClass -->
